Started by user admin
Running as SYSTEM
Building in workspace /var/lib/jenkins/workspace/http-test-01
The recommended git tool is: NONE
No credentials specified
 > git rev-parse --resolve-git-dir /var/lib/jenkins/workspace/http-test-01/.git # timeout=10
Fetching changes from the remote Git repository
 > git config remote.origin.url https://github.com/kav76/jenkins_lab.git # timeout=10
Fetching upstream changes from https://github.com/kav76/jenkins_lab.git
 > git --version # timeout=10
 > git --version # 'git version 2.30.2'
 > git fetch --tags --force --progress -- https://github.com/kav76/jenkins_lab.git +refs/heads/*:refs/remotes/origin/* # timeout=10
 > git rev-parse refs/remotes/origin/main^{commit} # timeout=10
Checking out Revision c1f2dff09fb267c2f0995983ea071af9ddf27df1 (refs/remotes/origin/main)
 > git config core.sparsecheckout # timeout=10
 > git checkout -f c1f2dff09fb267c2f0995983ea071af9ddf27df1 # timeout=10
Commit message: "Update index.html"
 > git rev-list --no-walk c1f2dff09fb267c2f0995983ea071af9ddf27df1 # timeout=10
[http-test-01] $ /bin/sh -xe /tmp/jenkins1890231861134981675.sh
+ docker run --name jenkins-lab-ngx --rm -p 9889:80 -v /var/lib/jenkins/workspace/http-test-01:/usr/share/nginx/html:ro -d nginx
0989366f0ec36ceb1656781d4c008d0ab659916b8eebd35cb4815f74bcb8a99b
[http-test-01] $ /bin/sh -xe /tmp/jenkins605119316556905115.sh
+ /opt/jenkins_lab/test-response.sh
[http-test-01] $ /bin/sh -xe /tmp/jenkins9425872226029655276.sh
+ /opt/jenkins_lab/test-md5.sh
Build step 'Execute shell' marked build as failure
Stopping all containers
[Slack Notifications] found #50 as previous completed, non-aborted build
[Slack Notifications] will send OnEveryFailureNotification because build matches and user preferences allow it
Finished: FAILURE
